<?xml version="1.0" encoding="UTF-8"?>
<!-- Generated by org.testng.reporters.JUnitReportReporter -->
<testsuite hostname="Janavi" failures="0" tests="2" name="LoginPageTest" time="30.080" errors="0" timestamp="2024-08-01T17:00:26 CDT" skipped="0">
  <testcase classname="LoginPageTest" name="addCustomer" time="16.819"/>
  <system-out/>
  <testcase classname="LoginPageTest" name="loginTest" time="13.261"/>
  <system-out/>
</testsuite> <!-- LoginPageTest -->
